# JRE version: OpenJDK Runtime Environment (8.0_242-b01) (build 1.8.0_242-release-1644-b01)
# Java VM: OpenJDK 64-Bit Server VM (25.242-b01 mixed mode windows-amd64 compressed oops)
Heap:
 PSYoungGen      total 350720K, used 182145K [0x00000000d5580000, 0x00000000ed580000, 0x0000000100000000)
  eden space 319488K, 54% used [0x00000000d5580000,0x00000000e00245e0,0x00000000e8d80000)
  from space 31232K, 23% used [0x00000000e8d80000,0x00000000e94bbee0,0x00000000eac00000)
  to   space 31232K, 0% used [0x00000000eac00000,0x00000000eac00000,0x00000000eca80000)
 ParOldGen       total 203776K, used 79680K [0x0000000080000000, 0x000000008c700000, 0x00000000d5580000)
  object space 203776K, 39% used [0x0000000080000000,0x0000000084dd01a8,0x000000008c700000)
 Metaspace       used 76004K, capacity 79124K, committed 79384K, reserved 1118208K
  class space    used 10119K, capacity 10723K, committed 10800K, reserved 1048576K
GC Heap History (10 events):
Event: 54.767 GC heap before
{Heap before GC invocations=19 (full 3):
 PSYoungGen      total 238080K, used 221644K [0x00000000d5580000, 0x00000000e8380000, 0x0000000100000000)
  eden space 210944K, 100% used [0x00000000d5580000,0x00000000e2380000,0x00000000e2380000)
  from space 27136K, 39% used [0x00000000e2380000,0x00000000e2df3000,0x00000000e3e00000)
  to   space 25600K, 0% used [0x00000000e6a80000,0x00000000e6a80000,0x00000000e8380000)
 ParOldGen       total 132608K, used 68181K [0x0000000080000000, 0x0000000088180000, 0x00000000d5580000)
  object space 132608K, 51% used [0x0000000080000000,0x00000000842956f8,0x0000000088180000)
 Metaspace       used 75553K, capacity 78724K, committed 79128K, reserved 1118208K
  class space    used 10081K, capacity 10695K, committed 10800K, reserved 1048576K
Event: 54.812 GC heap after
Heap after GC invocations=19 (full 3):
 PSYoungGen      total 278528K, used 25587K [0x00000000d5580000, 0x00000000e8b80000, 0x0000000100000000)
  eden space 252928K, 0% used [0x00000000d5580000,0x00000000d5580000,0x00000000e4c80000)
  from space 25600K, 99% used [0x00000000e6a80000,0x00000000e837ce68,0x00000000e8380000)
  to   space 30720K, 0% used [0x00000000e4c80000,0x00000000e4c80000,0x00000000e6a80000)
 ParOldGen       total 132608K, used 71484K [0x0000000080000000, 0x0000000088180000, 0x00000000d5580000)
  object space 132608K, 53% used [0x0000000080000000,0x00000000845cf1f8,0x0000000088180000)
 Metaspace       used 75553K, capacity 78724K, committed 79128K, reserved 1118208K
  class space    used 10081K, capacity 10695K, committed 10800K, reserved 1048576K
}
Event: 55.163 GC heap before
{Heap before GC invocations=20 (full 3):
 PSYoungGen      total 278528K, used 278515K [0x00000000d5580000, 0x00000000e8b80000, 0x0000000100000000)
  eden space 252928K, 100% used [0x00000000d5580000,0x00000000e4c80000,0x00000000e4c80000)
  from space 25600K, 99% used [0x00000000e6a80000,0x00000000e837ce68,0x00000000e8380000)
  to   space 30720K, 0% used [0x00000000e4c80000,0x00000000e4c80000,0x00000000e6a80000)
 ParOldGen       total 132608K, used 71486K [0x0000000080000000, 0x0000000088180000, 0x00000000d5580000)
  object space 132608K, 53% used [0x0000000080000000,0x00000000845cfb90,0x0000000088180000)
 Metaspace       used 75603K, capacity 78724K, committed 79128K, reserved 1118208K
  class space    used 10083K, capacity 10695K, committed 10800K, reserved 1048576K
Event: 55.223 GC heap after
Heap after GC invocations=20 (full 3):
 PSYoungGen      total 283648K, used 19837K [0x00000000d5580000, 0x00000000eca80000, 0x0000000100000000)
  eden space 252928K, 0% used [0x00000000d5580000,0x00000000d5580000,0x00000000e4c80000)
  from space 30720K, 64% used [0x00000000e4c80000,0x00000000e5fdf670,0x00000000e6a80000)
  to   space 31232K, 0% used [0x00000000eac00000,0x00000000eac00000,0x00000000eca80000)
 ParOldGen       total 132608K, used 93835K [0x0000000080000000, 0x0000000088180000, 0x00000000d5580000)
  object space 132608K, 70% used [0x0000000080000000,0x0000000085ba2c60,0x0000000088180000)
 Metaspace       used 75603K, capacity 78724K, committed 79128K, reserved 1118208K
  class space    used 10083K, capacity 10695K, committed 10800K, reserved 1048576K
}
Event: 55.578 GC heap before
{Heap before GC invocations=21 (full 3):
 PSYoungGen      total 283648K, used 272765K [0x00000000d5580000, 0x00000000eca80000, 0x0000000100000000)
  eden space 252928K, 100% used [0x00000000d5580000,0x00000000e4c80000,0x00000000e4c80000)
  from space 30720K, 64% used [0x00000000e4c80000,0x00000000e5fdf670,0x00000000e6a80000)
  to   space 31232K, 0% used [0x00000000eac00000,0x00000000eac00000,0x00000000eca80000)
 ParOldGen       total 132608K, used 93835K [0x0000000080000000, 0x0000000088180000, 0x00000000d5580000)
  object space 132608K, 70% used [0x0000000080000000,0x0000000085ba2c60,0x0000000088180000)
 Metaspace       used 76008K, capacity 79140K, committed 79384K, reserved 1118208K
  class space    used 10121K, capacity 10727K, committed 10800K, reserved 1048576K
Event: 55.657 GC heap after
Heap after GC invocations=21 (full 3):
 PSYoungGen      total 350720K, used 3189K [0x00000000d5580000, 0x00000000ed580000, 0x0000000100000000)
  eden space 319488K, 0% used [0x00000000d5580000,0x00000000d5580000,0x00000000e8d80000)
  from space 31232K, 10% used [0x00000000eac00000,0x00000000eaf1d758,0x00000000eca80000)
  to   space 31232K, 0% used [0x00000000e8d80000,0x00000000e8d80000,0x00000000eac00000)
 ParOldGen       total 132608K, used 111242K [0x0000000080000000, 0x0000000088180000, 0x00000000d5580000)
  object space 132608K, 83% used [0x0000000080000000,0x0000000086ca2a40,0x0000000088180000)
 Metaspace       used 76008K, capacity 79140K, committed 79384K, reserved 1118208K
  class space    used 10121K, capacity 10727K, committed 10800K, reserved 1048576K
}
Event: 55.657 GC heap before
{Heap before GC invocations=22 (full 4):
 PSYoungGen      total 350720K, used 3189K [0x00000000d5580000, 0x00000000ed580000, 0x0000000100000000)
  eden space 319488K, 0% used [0x00000000d5580000,0x00000000d5580000,0x00000000e8d80000)
  from space 31232K, 10% used [0x00000000eac00000,0x00000000eaf1d758,0x00000000eca80000)
  to   space 31232K, 0% used [0x00000000e8d80000,0x00000000e8d80000,0x00000000eac00000)
 ParOldGen       total 132608K, used 111242K [0x0000000080000000, 0x0000000088180000, 0x00000000d5580000)
  object space 132608K, 83% used [0x0000000080000000,0x0000000086ca2a40,0x0000000088180000)
 Metaspace       used 76008K, capacity 79140K, committed 79384K, reserved 1118208K
  class space    used 10121K, capacity 10727K, committed 10800K, reserved 1048576K
Event: 55.920 GC heap after
Heap after GC invocations=22 (full 4):
 PSYoungGen      total 350720K, used 0K [0x00000000d5580000, 0x00000000ed580000, 0x0000000100000000)
  eden space 319488K, 0% used [0x00000000d5580000,0x00000000d5580000,0x00000000e8d80000)
  from space 31232K, 0% used [0x00000000eac00000,0x00000000eac00000,0x00000000eca80000)
  to   space 31232K, 0% used [0x00000000e8d80000,0x00000000e8d80000,0x00000000eac00000)
 ParOldGen       total 203776K, used 79680K [0x0000000080000000, 0x000000008c700000, 0x00000000d5580000)
  object space 203776K, 39% used [0x0000000080000000,0x0000000084dd01a8,0x000000008c700000)
 Metaspace       used 76001K, capacity 79124K, committed 79384K, reserved 1118208K
  class space    used 10119K, capacity 10723K, committed 10800K, reserved 1048576K
}
Event: 56.588 GC heap before
{Heap before GC invocations=23 (full 4):
 PSYoungGen      total 350720K, used 319488K [0x00000000d5580000, 0x00000000ed580000, 0x0000000100000000)
  eden space 319488K, 100% used [0x00000000d5580000,0x00000000e8d80000,0x00000000e8d80000)
  from space 31232K, 0% used [0x00000000eac00000,0x00000000eac00000,0x00000000eca80000)
  to   space 31232K, 0% used [0x00000000e8d80000,0x00000000e8d80000,0x00000000eac00000)
 ParOldGen       total 203776K, used 79680K [0x0000000080000000, 0x000000008c700000, 0x00000000d5580000)
  object space 203776K, 39% used [0x0000000080000000,0x0000000084dd01a8,0x000000008c700000)
 Metaspace       used 76003K, capacity 79124K, committed 79384K, reserved 1118208K
  class space    used 10119K, capacity 10723K, committed 10800K, reserved 1048576K
Event: 56.602 GC heap after
Heap after GC invocations=23 (full 4):
 PSYoungGen      total 350720K, used 7407K [0x00000000d5580000, 0x00000000ed580000, 0x0000000100000000)
  eden space 319488K, 0% used [0x00000000d5580000,0x00000000d5580000,0x00000000e8d80000)
  from space 31232K, 23% used [0x00000000e8d80000,0x00000000e94bbee0,0x00000000eac00000)
  to   space 31232K, 0% used [0x00000000eac00000,0x00000000eac00000,0x00000000eca80000)
 ParOldGen       total 203776K, used 79680K [0x0000000080000000, 0x000000008c700000, 0x00000000d5580000)
  object space 203776K, 39% used [0x0000000080000000,0x0000000084dd01a8,0x000000008c700000)
 Metaspace       used 76003K, capacity 79124K, committed 79384K, reserved 1118208K
  class space    used 10119K, capacity 10723K, committed 10800K, reserved 1048576K
}

