# JRE version: OpenJDK Runtime Environment (8.0_242-b01) (build 1.8.0_242-release-1644-b01)
# Java VM: OpenJDK 64-Bit Server VM (25.242-b01 mixed mode windows-amd64 compressed oops)
Heap:
 PSYoungGen      total 462848K, used 249147K [0x00000000d5580000, 0x00000000fb980000, 0x0000000100000000)
  eden space 397824K, 62% used [0x00000000d5580000,0x00000000e48cec78,0x00000000eda00000)
  from space 65024K, 0% used [0x00000000eda00000,0x00000000eda00000,0x00000000f1980000)
  to   space 73728K, 0% used [0x00000000f7180000,0x00000000f7180000,0x00000000fb980000)
 ParOldGen       total 130048K, used 126462K [0x0000000080000000, 0x0000000087f00000, 0x00000000d5580000)
  object space 130048K, 97% used [0x0000000080000000,0x0000000087b7f8b0,0x0000000087f00000)
 Metaspace       used 93904K, capacity 98684K, committed 98856K, reserved 1134592K
  class space    used 12253K, capacity 13147K, committed 13224K, reserved 1048576K
GC Heap History (10 events):
Event: 327.018 GC heap before
{Heap before GC invocations=27 (full 3):
 PSYoungGen      total 385024K, used 385007K [0x00000000d5580000, 0x00000000f4d00000, 0x0000000100000000)
  eden space 344064K, 100% used [0x00000000d5580000,0x00000000ea580000,0x00000000ea580000)
  from space 40960K, 99% used [0x00000000ea580000,0x00000000ecd7bdd0,0x00000000ecd80000)
  to   space 52736K, 0% used [0x00000000f1980000,0x00000000f1980000,0x00000000f4d00000)
 ParOldGen       total 130048K, used 98594K [0x0000000080000000, 0x0000000087f00000, 0x00000000d5580000)
  object space 130048K, 75% used [0x0000000080000000,0x0000000086048860,0x0000000087f00000)
 Metaspace       used 93412K, capacity 98140K, committed 98456K, reserved 1134592K
  class space    used 12235K, capacity 13123K, committed 13224K, reserved 1048576K
Event: 327.220 GC heap after
Heap after GC invocations=27 (full 3):
 PSYoungGen      total 450560K, used 52725K [0x00000000d5580000, 0x00000000f7100000, 0x0000000100000000)
  eden space 397824K, 0% used [0x00000000d5580000,0x00000000d5580000,0x00000000eda00000)
  from space 52736K, 99% used [0x00000000f1980000,0x00000000f4cfd478,0x00000000f4d00000)
  to   space 65024K, 0% used [0x00000000eda00000,0x00000000eda00000,0x00000000f1980000)
 ParOldGen       total 130048K, used 108098K [0x0000000080000000, 0x0000000087f00000, 0x00000000d5580000)
  object space 130048K, 83% used [0x0000000080000000,0x00000000869909e0,0x0000000087f00000)
 Metaspace       used 93412K, capacity 98140K, committed 98456K, reserved 1134592K
  class space    used 12235K, capacity 13123K, committed 13224K, reserved 1048576K
}
Event: 330.252 GC heap before
{Heap before GC invocations=28 (full 3):
 PSYoungGen      total 450560K, used 450549K [0x00000000d5580000, 0x00000000f7100000, 0x0000000100000000)
  eden space 397824K, 100% used [0x00000000d5580000,0x00000000eda00000,0x00000000eda00000)
  from space 52736K, 99% used [0x00000000f1980000,0x00000000f4cfd478,0x00000000f4d00000)
  to   space 65024K, 0% used [0x00000000eda00000,0x00000000eda00000,0x00000000f1980000)
 ParOldGen       total 130048K, used 108098K [0x0000000080000000, 0x0000000087f00000, 0x00000000d5580000)
  object space 130048K, 83% used [0x0000000080000000,0x00000000869909e0,0x0000000087f00000)
 Metaspace       used 93653K, capacity 98498K, committed 98600K, reserved 1134592K
  class space    used 12255K, capacity 13130K, committed 13224K, reserved 1048576K
Event: 330.616 GC heap after
Heap after GC invocations=28 (full 3):
 PSYoungGen      total 462848K, used 59504K [0x00000000d5580000, 0x00000000fb980000, 0x0000000100000000)
  eden space 397824K, 0% used [0x00000000d5580000,0x00000000d5580000,0x00000000eda00000)
  from space 65024K, 91% used [0x00000000eda00000,0x00000000f141c378,0x00000000f1980000)
  to   space 73728K, 0% used [0x00000000f7180000,0x00000000f7180000,0x00000000fb980000)
 ParOldGen       total 130048K, used 116193K [0x0000000080000000, 0x0000000087f00000, 0x00000000d5580000)
  object space 130048K, 89% used [0x0000000080000000,0x0000000087178470,0x0000000087f00000)
 Metaspace       used 93653K, capacity 98498K, committed 98600K, reserved 1134592K
  class space    used 12255K, capacity 13130K, committed 13224K, reserved 1048576K
}
Event: 330.616 GC heap before
{Heap before GC invocations=29 (full 4):
 PSYoungGen      total 462848K, used 59504K [0x00000000d5580000, 0x00000000fb980000, 0x0000000100000000)
  eden space 397824K, 0% used [0x00000000d5580000,0x00000000d5580000,0x00000000eda00000)
  from space 65024K, 91% used [0x00000000eda00000,0x00000000f141c378,0x00000000f1980000)
  to   space 73728K, 0% used [0x00000000f7180000,0x00000000f7180000,0x00000000fb980000)
 ParOldGen       total 130048K, used 116193K [0x0000000080000000, 0x0000000087f00000, 0x00000000d5580000)
  object space 130048K, 89% used [0x0000000080000000,0x0000000087178470,0x0000000087f00000)
 Metaspace       used 93653K, capacity 98498K, committed 98600K, reserved 1134592K
  class space    used 12255K, capacity 13130K, committed 13224K, reserved 1048576K
Event: 331.614 GC heap after
Heap after GC invocations=29 (full 4):
 PSYoungGen      total 462848K, used 0K [0x00000000d5580000, 0x00000000fb980000, 0x0000000100000000)
  eden space 397824K, 0% used [0x00000000d5580000,0x00000000d5580000,0x00000000eda00000)
  from space 65024K, 0% used [0x00000000eda00000,0x00000000eda00000,0x00000000f1980000)
  to   space 73728K, 0% used [0x00000000f7180000,0x00000000f7180000,0x00000000fb980000)
 ParOldGen       total 130048K, used 113887K [0x0000000080000000, 0x0000000087f00000, 0x00000000d5580000)
  object space 130048K, 87% used [0x0000000080000000,0x0000000086f37d78,0x0000000087f00000)
 Metaspace       used 93620K, capacity 98400K, committed 98600K, reserved 1134592K
  class space    used 12246K, capacity 13113K, committed 13224K, reserved 1048576K
}
Event: 334.312 GC heap before
{Heap before GC invocations=30 (full 5):
 PSYoungGen      total 462848K, used 397824K [0x00000000d5580000, 0x00000000fb980000, 0x0000000100000000)
  eden space 397824K, 100% used [0x00000000d5580000,0x00000000eda00000,0x00000000eda00000)
  from space 65024K, 0% used [0x00000000eda00000,0x00000000eda00000,0x00000000f1980000)
  to   space 73728K, 0% used [0x00000000f7180000,0x00000000f7180000,0x00000000fb980000)
 ParOldGen       total 130048K, used 113908K [0x0000000080000000, 0x0000000087f00000, 0x00000000d5580000)
  object space 130048K, 87% used [0x0000000080000000,0x0000000086f3d1e8,0x0000000087f00000)
 Metaspace       used 93691K, capacity 98498K, committed 98856K, reserved 1134592K
  class space    used 12247K, capacity 13114K, committed 13224K, reserved 1048576K
Event: 335.145 GC heap after
Heap after GC invocations=30 (full 5):
 PSYoungGen      total 462848K, used 0K [0x00000000d5580000, 0x00000000fb980000, 0x0000000100000000)
  eden space 397824K, 0% used [0x00000000d5580000,0x00000000d5580000,0x00000000eda00000)
  from space 65024K, 0% used [0x00000000eda00000,0x00000000eda00000,0x00000000f1980000)
  to   space 73728K, 0% used [0x00000000f7180000,0x00000000f7180000,0x00000000fb980000)
 ParOldGen       total 130048K, used 111061K [0x0000000080000000, 0x0000000087f00000, 0x00000000d5580000)
  object space 130048K, 85% used [0x0000000080000000,0x0000000086c75550,0x0000000087f00000)
 Metaspace       used 93691K, capacity 98498K, committed 98856K, reserved 1134592K
  class space    used 12247K, capacity 13114K, committed 13224K, reserved 1048576K
}
Event: 337.203 GC heap before
{Heap before GC invocations=31 (full 6):
 PSYoungGen      total 462848K, used 397824K [0x00000000d5580000, 0x00000000fb980000, 0x0000000100000000)
  eden space 397824K, 100% used [0x00000000d5580000,0x00000000eda00000,0x00000000eda00000)
  from space 65024K, 0% used [0x00000000eda00000,0x00000000eda00000,0x00000000f1980000)
  to   space 73728K, 0% used [0x00000000f7180000,0x00000000f7180000,0x00000000fb980000)
 ParOldGen       total 130048K, used 111083K [0x0000000080000000, 0x0000000087f00000, 0x00000000d5580000)
  object space 130048K, 85% used [0x0000000080000000,0x0000000086c7acd0,0x0000000087f00000)
 Metaspace       used 93871K, capacity 98678K, committed 98856K, reserved 1134592K
  class space    used 12252K, capacity 13146K, committed 13224K, reserved 1048576K
Event: 338.039 GC heap after
Heap after GC invocations=31 (full 6):
 PSYoungGen      total 462848K, used 0K [0x00000000d5580000, 0x00000000fb980000, 0x0000000100000000)
  eden space 397824K, 0% used [0x00000000d5580000,0x00000000d5580000,0x00000000eda00000)
  from space 65024K, 0% used [0x00000000eda00000,0x00000000eda00000,0x00000000f1980000)
  to   space 73728K, 0% used [0x00000000f7180000,0x00000000f7180000,0x00000000fb980000)
 ParOldGen       total 130048K, used 126462K [0x0000000080000000, 0x0000000087f00000, 0x00000000d5580000)
  object space 130048K, 97% used [0x0000000080000000,0x0000000087b7f8b0,0x0000000087f00000)
 Metaspace       used 93871K, capacity 98678K, committed 98856K, reserved 1134592K
  class space    used 12252K, capacity 13146K, committed 13224K, reserved 1048576K
}

