# JRE version: OpenJDK Runtime Environment (8.0_242-b01) (build 1.8.0_242-release-1644-b01)
# Java VM: OpenJDK 64-Bit Server VM (25.242-b01 mixed mode windows-amd64 compressed oops)
Heap:
 PSYoungGen      total 382464K, used 107994K [0x00000000d5580000, 0x00000000ee780000, 0x0000000100000000)
  eden space 363520K, 27% used [0x00000000d5580000,0x00000000db757aa0,0x00000000eb880000)
  from space 18944K, 41% used [0x00000000ed180000,0x00000000ed91f050,0x00000000ee400000)
  to   space 24064K, 0% used [0x00000000eb880000,0x00000000eb880000,0x00000000ed000000)
 ParOldGen       total 153088K, used 83885K [0x0000000080000000, 0x0000000089580000, 0x00000000d5580000)
  object space 153088K, 54% used [0x0000000080000000,0x00000000851eb6e8,0x0000000089580000)
 Metaspace       used 76058K, capacity 79242K, committed 79384K, reserved 1118208K
  class space    used 10122K, capacity 10722K, committed 10800K, reserved 1048576K
GC Heap History (10 events):
Event: 30.559 GC heap before
{Heap before GC invocations=14 (full 3):
 PSYoungGen      total 382464K, used 363520K [0x00000000d5580000, 0x00000000ee780000, 0x0000000100000000)
  eden space 363520K, 100% used [0x00000000d5580000,0x00000000eb880000,0x00000000eb880000)
  from space 18944K, 0% used [0x00000000ed180000,0x00000000ed180000,0x00000000ee400000)
  to   space 24064K, 0% used [0x00000000eb880000,0x00000000eb880000,0x00000000ed000000)
 ParOldGen       total 96256K, used 38262K [0x0000000080000000, 0x0000000085e00000, 0x00000000d5580000)
  object space 96256K, 39% used [0x0000000080000000,0x000000008255d910,0x0000000085e00000)
 Metaspace       used 67549K, capacity 70550K, committed 70680K, reserved 1110016K
  class space    used 9166K, capacity 9760K, committed 9776K, reserved 1048576K
Event: 30.635 GC heap after
Heap after GC invocations=14 (full 3):
 PSYoungGen      total 387584K, used 24039K [0x00000000d5580000, 0x00000000ee780000, 0x0000000100000000)
  eden space 363520K, 0% used [0x00000000d5580000,0x00000000d5580000,0x00000000eb880000)
  from space 24064K, 99% used [0x00000000eb880000,0x00000000ecff9f48,0x00000000ed000000)
  to   space 18944K, 0% used [0x00000000ed180000,0x00000000ed180000,0x00000000ee400000)
 ParOldGen       total 96256K, used 56257K [0x0000000080000000, 0x0000000085e00000, 0x00000000d5580000)
  object space 96256K, 58% used [0x0000000080000000,0x00000000836f07f8,0x0000000085e00000)
 Metaspace       used 67549K, capacity 70550K, committed 70680K, reserved 1110016K
  class space    used 9166K, capacity 9760K, committed 9776K, reserved 1048576K
}
Event: 44.706 GC heap before
{Heap before GC invocations=15 (full 3):
 PSYoungGen      total 387584K, used 385877K [0x00000000d5580000, 0x00000000ee780000, 0x0000000100000000)
  eden space 363520K, 99% used [0x00000000d5580000,0x00000000eb6db520,0x00000000eb880000)
  from space 24064K, 99% used [0x00000000eb880000,0x00000000ecff9f48,0x00000000ed000000)
  to   space 18944K, 0% used [0x00000000ed180000,0x00000000ed180000,0x00000000ee400000)
 ParOldGen       total 96256K, used 58306K [0x0000000080000000, 0x0000000085e00000, 0x00000000d5580000)
  object space 96256K, 60% used [0x0000000080000000,0x00000000838f0808,0x0000000085e00000)
 Metaspace       used 75021K, capacity 78206K, committed 78232K, reserved 1116160K
  class space    used 10049K, capacity 10656K, committed 10672K, reserved 1048576K
Event: 44.835 GC heap after
Heap after GC invocations=15 (full 3):
 PSYoungGen      total 382464K, used 18916K [0x00000000d5580000, 0x00000000ee780000, 0x0000000100000000)
  eden space 363520K, 0% used [0x00000000d5580000,0x00000000d5580000,0x00000000eb880000)
  from space 18944K, 99% used [0x00000000ed180000,0x00000000ee3f9288,0x00000000ee400000)
  to   space 24064K, 0% used [0x00000000eb880000,0x00000000eb880000,0x00000000ed000000)
 ParOldGen       total 96256K, used 89792K [0x0000000080000000, 0x0000000085e00000, 0x00000000d5580000)
  object space 96256K, 93% used [0x0000000080000000,0x00000000857b0020,0x0000000085e00000)
 Metaspace       used 75021K, capacity 78206K, committed 78232K, reserved 1116160K
  class space    used 10049K, capacity 10656K, committed 10672K, reserved 1048576K
}
Event: 44.835 GC heap before
{Heap before GC invocations=16 (full 4):
 PSYoungGen      total 382464K, used 18916K [0x00000000d5580000, 0x00000000ee780000, 0x0000000100000000)
  eden space 363520K, 0% used [0x00000000d5580000,0x00000000d5580000,0x00000000eb880000)
  from space 18944K, 99% used [0x00000000ed180000,0x00000000ee3f9288,0x00000000ee400000)
  to   space 24064K, 0% used [0x00000000eb880000,0x00000000eb880000,0x00000000ed000000)
 ParOldGen       total 96256K, used 89792K [0x0000000080000000, 0x0000000085e00000, 0x00000000d5580000)
  object space 96256K, 93% used [0x0000000080000000,0x00000000857b0020,0x0000000085e00000)
 Metaspace       used 75021K, capacity 78206K, committed 78232K, reserved 1116160K
  class space    used 10049K, capacity 10656K, committed 10672K, reserved 1048576K
Event: 45.383 GC heap after
Heap after GC invocations=16 (full 4):
 PSYoungGen      total 382464K, used 0K [0x00000000d5580000, 0x00000000ee780000, 0x0000000100000000)
  eden space 363520K, 0% used [0x00000000d5580000,0x00000000d5580000,0x00000000eb880000)
  from space 18944K, 0% used [0x00000000ed180000,0x00000000ed180000,0x00000000ee400000)
  to   space 24064K, 0% used [0x00000000eb880000,0x00000000eb880000,0x00000000ed000000)
 ParOldGen       total 153088K, used 69127K [0x0000000080000000, 0x0000000089580000, 0x00000000d5580000)
  object space 153088K, 45% used [0x0000000080000000,0x0000000084381d18,0x0000000089580000)
 Metaspace       used 75017K, capacity 78194K, committed 78232K, reserved 1116160K
  class space    used 10048K, capacity 10654K, committed 10672K, reserved 1048576K
}
Event: 47.380 GC heap before
{Heap before GC invocations=17 (full 4):
 PSYoungGen      total 382464K, used 363520K [0x00000000d5580000, 0x00000000ee780000, 0x0000000100000000)
  eden space 363520K, 100% used [0x00000000d5580000,0x00000000eb880000,0x00000000eb880000)
  from space 18944K, 0% used [0x00000000ed180000,0x00000000ed180000,0x00000000ee400000)
  to   space 24064K, 0% used [0x00000000eb880000,0x00000000eb880000,0x00000000ed000000)
 ParOldGen       total 153088K, used 69130K [0x0000000080000000, 0x0000000089580000, 0x00000000d5580000)
  object space 153088K, 45% used [0x0000000080000000,0x0000000084382b08,0x0000000089580000)
 Metaspace       used 75996K, capacity 79154K, committed 79384K, reserved 1118208K
  class space    used 10120K, capacity 10718K, committed 10800K, reserved 1048576K
Event: 47.397 GC heap after
Heap after GC invocations=17 (full 4):
 PSYoungGen      total 387584K, used 16074K [0x00000000d5580000, 0x00000000ee780000, 0x0000000100000000)
  eden space 363520K, 0% used [0x00000000d5580000,0x00000000d5580000,0x00000000eb880000)
  from space 24064K, 66% used [0x00000000eb880000,0x00000000ec832b70,0x00000000ed000000)
  to   space 18944K, 0% used [0x00000000ed180000,0x00000000ed180000,0x00000000ee400000)
 ParOldGen       total 153088K, used 69138K [0x0000000080000000, 0x0000000089580000, 0x00000000d5580000)
  object space 153088K, 45% used [0x0000000080000000,0x0000000084384b08,0x0000000089580000)
 Metaspace       used 75996K, capacity 79154K, committed 79384K, reserved 1118208K
  class space    used 10120K, capacity 10718K, committed 10800K, reserved 1048576K
}
Event: 49.281 GC heap before
{Heap before GC invocations=18 (full 4):
 PSYoungGen      total 387584K, used 379594K [0x00000000d5580000, 0x00000000ee780000, 0x0000000100000000)
  eden space 363520K, 100% used [0x00000000d5580000,0x00000000eb880000,0x00000000eb880000)
  from space 24064K, 66% used [0x00000000eb880000,0x00000000ec832b70,0x00000000ed000000)
  to   space 18944K, 0% used [0x00000000ed180000,0x00000000ed180000,0x00000000ee400000)
 ParOldGen       total 153088K, used 69138K [0x0000000080000000, 0x0000000089580000, 0x00000000d5580000)
  object space 153088K, 45% used [0x0000000080000000,0x0000000084384b08,0x0000000089580000)
 Metaspace       used 76055K, capacity 79242K, committed 79384K, reserved 1118208K
  class space    used 10122K, capacity 10722K, committed 10800K, reserved 1048576K
Event: 49.298 GC heap after
Heap after GC invocations=18 (full 4):
 PSYoungGen      total 382464K, used 7804K [0x00000000d5580000, 0x00000000ee780000, 0x0000000100000000)
  eden space 363520K, 0% used [0x00000000d5580000,0x00000000d5580000,0x00000000eb880000)
  from space 18944K, 41% used [0x00000000ed180000,0x00000000ed91f050,0x00000000ee400000)
  to   space 24064K, 0% used [0x00000000eb880000,0x00000000eb880000,0x00000000ed000000)
 ParOldGen       total 153088K, used 83885K [0x0000000080000000, 0x0000000089580000, 0x00000000d5580000)
  object space 153088K, 54% used [0x0000000080000000,0x00000000851eb6e8,0x0000000089580000)
 Metaspace       used 76055K, capacity 79242K, committed 79384K, reserved 1118208K
  class space    used 10122K, capacity 10722K, committed 10800K, reserved 1048576K
}

