# JRE version: OpenJDK Runtime Environment (8.0_242-b01) (build 1.8.0_242-release-1644-b01)
# Java VM: OpenJDK 64-Bit Server VM (25.242-b01 mixed mode windows-amd64 compressed oops)
Heap:
 PSYoungGen      total 357888K, used 75514K [0x00000000d5580000, 0x00000000f2980000, 0x0000000100000000)
  eden space 326656K, 18% used [0x00000000d5580000,0x00000000d91ff320,0x00000000e9480000)
  from space 31232K, 44% used [0x00000000e9480000,0x00000000ea219d50,0x00000000eb300000)
  to   space 29696K, 0% used [0x00000000f0c80000,0x00000000f0c80000,0x00000000f2980000)
 ParOldGen       total 145920K, used 70856K [0x0000000080000000, 0x0000000088e80000, 0x00000000d5580000)
  object space 145920K, 48% used [0x0000000080000000,0x00000000845321c0,0x0000000088e80000)
 Metaspace       used 83957K, capacity 87288K, committed 87960K, reserved 1126400K
  class space    used 10931K, capacity 11577K, committed 11696K, reserved 1048576K
GC Heap History (10 events):
Event: 113.866 GC heap before
{Heap before GC invocations=19 (full 3):
 PSYoungGen      total 224256K, used 219534K [0x00000000d5580000, 0x00000000e9180000, 0x0000000100000000)
  eden space 204288K, 99% used [0x00000000d5580000,0x00000000e1bd2b70,0x00000000e1d00000)
  from space 19968K, 82% used [0x00000000e1d00000,0x00000000e2d10fd0,0x00000000e3080000)
  to   space 21504K, 0% used [0x00000000e7c80000,0x00000000e7c80000,0x00000000e9180000)
 ParOldGen       total 91648K, used 44545K [0x0000000080000000, 0x0000000085980000, 0x00000000d5580000)
  object space 91648K, 48% used [0x0000000080000000,0x0000000082b804f8,0x0000000085980000)
 Metaspace       used 74689K, capacity 78056K, committed 78232K, reserved 1116160K
  class space    used 9943K, capacity 10549K, committed 10672K, reserved 1048576K
Event: 113.952 GC heap after
Heap after GC invocations=19 (full 3):
 PSYoungGen      total 290816K, used 21491K [0x00000000d5580000, 0x00000000ea180000, 0x0000000100000000)
  eden space 269312K, 0% used [0x00000000d5580000,0x00000000d5580000,0x00000000e5c80000)
  from space 21504K, 99% used [0x00000000e7c80000,0x00000000e917cf80,0x00000000e9180000)
  to   space 32768K, 0% used [0x00000000e5c80000,0x00000000e5c80000,0x00000000e7c80000)
 ParOldGen       total 91648K, used 67081K [0x0000000080000000, 0x0000000085980000, 0x00000000d5580000)
  object space 91648K, 73% used [0x0000000080000000,0x0000000084182478,0x0000000085980000)
 Metaspace       used 74689K, capacity 78056K, committed 78232K, reserved 1116160K
  class space    used 9943K, capacity 10549K, committed 10672K, reserved 1048576K
}
Event: 143.528 GC heap before
{Heap before GC invocations=20 (full 3):
 PSYoungGen      total 290816K, used 290803K [0x00000000d5580000, 0x00000000ea180000, 0x0000000100000000)
  eden space 269312K, 100% used [0x00000000d5580000,0x00000000e5c80000,0x00000000e5c80000)
  from space 21504K, 99% used [0x00000000e7c80000,0x00000000e917cf80,0x00000000e9180000)
  to   space 32768K, 0% used [0x00000000e5c80000,0x00000000e5c80000,0x00000000e7c80000)
 ParOldGen       total 91648K, used 67081K [0x0000000080000000, 0x0000000085980000, 0x00000000d5580000)
  object space 91648K, 73% used [0x0000000080000000,0x0000000084182478,0x0000000085980000)
 Metaspace       used 83621K, capacity 87300K, committed 87448K, reserved 1124352K
  class space    used 10945K, capacity 11621K, committed 11696K, reserved 1048576K
Event: 143.607 GC heap after
Heap after GC invocations=20 (full 3):
 PSYoungGen      total 302080K, used 18599K [0x00000000d5580000, 0x00000000ed380000, 0x0000000100000000)
  eden space 269312K, 0% used [0x00000000d5580000,0x00000000d5580000,0x00000000e5c80000)
  from space 32768K, 56% used [0x00000000e5c80000,0x00000000e6ea9e10,0x00000000e7c80000)
  to   space 33280K, 0% used [0x00000000eb300000,0x00000000eb300000,0x00000000ed380000)
 ParOldGen       total 91648K, used 85663K [0x0000000080000000, 0x0000000085980000, 0x00000000d5580000)
  object space 91648K, 93% used [0x0000000080000000,0x00000000853a7d60,0x0000000085980000)
 Metaspace       used 83621K, capacity 87300K, committed 87448K, reserved 1124352K
  class space    used 10945K, capacity 11621K, committed 11696K, reserved 1048576K
}
Event: 143.607 GC heap before
{Heap before GC invocations=21 (full 4):
 PSYoungGen      total 302080K, used 18599K [0x00000000d5580000, 0x00000000ed380000, 0x0000000100000000)
  eden space 269312K, 0% used [0x00000000d5580000,0x00000000d5580000,0x00000000e5c80000)
  from space 32768K, 56% used [0x00000000e5c80000,0x00000000e6ea9e10,0x00000000e7c80000)
  to   space 33280K, 0% used [0x00000000eb300000,0x00000000eb300000,0x00000000ed380000)
 ParOldGen       total 91648K, used 85663K [0x0000000080000000, 0x0000000085980000, 0x00000000d5580000)
  object space 91648K, 93% used [0x0000000080000000,0x00000000853a7d60,0x0000000085980000)
 Metaspace       used 83621K, capacity 87300K, committed 87448K, reserved 1124352K
  class space    used 10945K, capacity 11621K, committed 11696K, reserved 1048576K
Event: 143.838 GC heap after
Heap after GC invocations=21 (full 4):
 PSYoungGen      total 302080K, used 0K [0x00000000d5580000, 0x00000000ed380000, 0x0000000100000000)
  eden space 269312K, 0% used [0x00000000d5580000,0x00000000d5580000,0x00000000e5c80000)
  from space 32768K, 0% used [0x00000000e5c80000,0x00000000e5c80000,0x00000000e7c80000)
  to   space 33280K, 0% used [0x00000000eb300000,0x00000000eb300000,0x00000000ed380000)
 ParOldGen       total 145920K, used 65676K [0x0000000080000000, 0x0000000088e80000, 0x00000000d5580000)
  object space 145920K, 45% used [0x0000000080000000,0x00000000840232d0,0x0000000088e80000)
 Metaspace       used 83428K, capacity 86746K, committed 87448K, reserved 1124352K
  class space    used 10881K, capacity 11508K, committed 11696K, reserved 1048576K
}
Event: 145.051 GC heap before
{Heap before GC invocations=22 (full 4):
 PSYoungGen      total 302080K, used 269312K [0x00000000d5580000, 0x00000000ed380000, 0x0000000100000000)
  eden space 269312K, 100% used [0x00000000d5580000,0x00000000e5c80000,0x00000000e5c80000)
  from space 32768K, 0% used [0x00000000e5c80000,0x00000000e5c80000,0x00000000e7c80000)
  to   space 33280K, 0% used [0x00000000eb300000,0x00000000eb300000,0x00000000ed380000)
 ParOldGen       total 145920K, used 65676K [0x0000000080000000, 0x0000000088e80000, 0x00000000d5580000)
  object space 145920K, 45% used [0x0000000080000000,0x00000000840232d0,0x0000000088e80000)
 Metaspace       used 83936K, capacity 87276K, committed 87960K, reserved 1126400K
  class space    used 10929K, capacity 11575K, committed 11696K, reserved 1048576K
Event: 145.100 GC heap after
Heap after GC invocations=22 (full 4):
 PSYoungGen      total 359936K, used 12470K [0x00000000d5580000, 0x00000000eda80000, 0x0000000100000000)
  eden space 326656K, 0% used [0x00000000d5580000,0x00000000d5580000,0x00000000e9480000)
  from space 33280K, 37% used [0x00000000eb300000,0x00000000ebf2d930,0x00000000ed380000)
  to   space 31232K, 0% used [0x00000000e9480000,0x00000000e9480000,0x00000000eb300000)
 ParOldGen       total 145920K, used 65684K [0x0000000080000000, 0x0000000088e80000, 0x00000000d5580000)
  object space 145920K, 45% used [0x0000000080000000,0x00000000840252d0,0x0000000088e80000)
 Metaspace       used 83936K, capacity 87276K, committed 87960K, reserved 1126400K
  class space    used 10929K, capacity 11575K, committed 11696K, reserved 1048576K
}
Event: 146.124 GC heap before
{Heap before GC invocations=23 (full 4):
 PSYoungGen      total 359936K, used 339126K [0x00000000d5580000, 0x00000000eda80000, 0x0000000100000000)
  eden space 326656K, 100% used [0x00000000d5580000,0x00000000e9480000,0x00000000e9480000)
  from space 33280K, 37% used [0x00000000eb300000,0x00000000ebf2d930,0x00000000ed380000)
  to   space 31232K, 0% used [0x00000000e9480000,0x00000000e9480000,0x00000000eb300000)
 ParOldGen       total 145920K, used 65684K [0x0000000080000000, 0x0000000088e80000, 0x00000000d5580000)
  object space 145920K, 45% used [0x0000000080000000,0x00000000840252d0,0x0000000088e80000)
 Metaspace       used 83952K, capacity 87282K, committed 87960K, reserved 1126400K
  class space    used 10930K, capacity 11576K, committed 11696K, reserved 1048576K
Event: 146.198 GC heap after
Heap after GC invocations=23 (full 4):
 PSYoungGen      total 357888K, used 13927K [0x00000000d5580000, 0x00000000f2980000, 0x0000000100000000)
  eden space 326656K, 0% used [0x00000000d5580000,0x00000000d5580000,0x00000000e9480000)
  from space 31232K, 44% used [0x00000000e9480000,0x00000000ea219d50,0x00000000eb300000)
  to   space 29696K, 0% used [0x00000000f0c80000,0x00000000f0c80000,0x00000000f2980000)
 ParOldGen       total 145920K, used 70856K [0x0000000080000000, 0x0000000088e80000, 0x00000000d5580000)
  object space 145920K, 48% used [0x0000000080000000,0x00000000845321c0,0x0000000088e80000)
 Metaspace       used 83952K, capacity 87282K, committed 87960K, reserved 1126400K
  class space    used 10930K, capacity 11576K, committed 11696K, reserved 1048576K
}

